<?xml version="1.0" encoding="UTF-8" ?>
<testsuite tests="81" failures="0" name="edu.stanford.nlp.util.ConvertByteArrayTest" time="0.003" errors="0" skipped="0">
  <properties>
[...]
</properties>
  <testcase classname="edu.stanford.nlp.util.ConvertByteArrayTest" name="testUStringArrToByteArr1" time="0.002"/>
  <testcase classname="edu.stanford.nlp.util.ConvertByteArrayTest" name="testUStringArrToByteArr2" time="0"/>
  <testcase classname="edu.stanford.nlp.util.ConvertByteArrayTest" name="testUStringArrToByteArr3" time="0"/>
  <testcase classname="edu.stanford.nlp.util.ConvertByteArrayTest" name="testUStringArrToByteArr4" time="0"/>
  <testcase classname="edu.stanford.nlp.util.ConvertByteArrayTest" name="testWriteBooleanToByteArr" time="0"/>
  <testcase classname="edu.stanford.nlp.util.ConvertByteArrayTest" name="testIntArrToByteArr1" time="0"/>
  <testcase classname="edu.stanford.nlp.util.ConvertByteArrayTest" name="testIntArrToByteArr2" time="0"/>
  <testcase classname="edu.stanford.nlp.util.ConvertByteArrayTest" name="testIntArrToByteArr3" time="0"/>
  <testcase classname="edu.stanford.nlp.util.ConvertByteArrayTest" name="testByteArrToFloat" time="0"/>
  <testcase classname="edu.stanford.nlp.util.ConvertByteArrayTest" name="testByteArrToShort" time="0"/>
  <testcase classname="edu.stanford.nlp.util.ConvertByteArrayTest" name="testByteArrToIntArr1" time="0"/>
  <testcase classname="edu.stanford.nlp.util.ConvertByteArrayTest" name="testByteArrToIntArr2" time="0"/>
  <testcase classname="edu.stanford.nlp.util.ConvertByteArrayTest" name="testByteArrToIntArr3" time="0"/>
  <testcase classname="edu.stanford.nlp.util.ConvertByteArrayTest" name="testDoubleArrToByteArr1" time="0"/>
  <testcase classname="edu.stanford.nlp.util.ConvertByteArrayTest" name="testDoubleArrToByteArr2" time="0"/>
  <testcase classname="edu.stanford.nlp.util.ConvertByteArrayTest" name="testDoubleArrToByteArr3" time="0"/>
  <testcase classname="edu.stanford.nlp.util.ConvertByteArrayTest" name="testWriteIntToByteArr" time="0"/>
  <testcase classname="edu.stanford.nlp.util.ConvertByteArrayTest" name="testByteArrToAStringArr1" time="0"/>
  <testcase classname="edu.stanford.nlp.util.ConvertByteArrayTest" name="testByteArrToAStringArr2" time="0"/>
  <testcase classname="edu.stanford.nlp.util.ConvertByteArrayTest" name="testByteArrToAStringArr3" time="0"/>
  <testcase classname="edu.stanford.nlp.util.ConvertByteArrayTest" name="testByteArrToAStringArr4" time="0"/>
  <testcase classname="edu.stanford.nlp.util.ConvertByteArrayTest" name="testWriteLongToByteArr" time="0"/>
  <testcase classname="edu.stanford.nlp.util.ConvertByteArrayTest" name="testWriteAStringToByteArr" time="0"/>
  <testcase classname="edu.stanford.nlp.util.ConvertByteArrayTest" name="testByteArrToBooleanArr1" time="0"/>
  <testcase classname="edu.stanford.nlp.util.ConvertByteArrayTest" name="testByteArrToBooleanArr2" time="0"/>
  <testcase classname="edu.stanford.nlp.util.ConvertByteArrayTest" name="testByteArrToBooleanArr3" time="0"/>
  <testcase classname="edu.stanford.nlp.util.ConvertByteArrayTest" name="testByteArrToAString1" time="0"/>
  <testcase classname="edu.stanford.nlp.util.ConvertByteArrayTest" name="testByteArrToAString2" time="0"/>
  <testcase classname="edu.stanford.nlp.util.ConvertByteArrayTest" name="testByteArrToCharArr1" time="0"/>
  <testcase classname="edu.stanford.nlp.util.ConvertByteArrayTest" name="testByteArrToCharArr2" time="0"/>
  <testcase classname="edu.stanford.nlp.util.ConvertByteArrayTest" name="testByteArrToCharArr3" time="0"/>
  <testcase classname="edu.stanford.nlp.util.ConvertByteArrayTest" name="testByteArrToUString1" time="0"/>
  <testcase classname="edu.stanford.nlp.util.ConvertByteArrayTest" name="testByteArrToUString2" time="0"/>
  <testcase classname="edu.stanford.nlp.util.ConvertByteArrayTest" name="testStringAToByteArr1" time="0"/>
  <testcase classname="edu.stanford.nlp.util.ConvertByteArrayTest" name="testStringAToByteArr2" time="0"/>
  <testcase classname="edu.stanford.nlp.util.ConvertByteArrayTest" name="testByteArrToLongArr1" time="0"/>
  <testcase classname="edu.stanford.nlp.util.ConvertByteArrayTest" name="testByteArrToLongArr2" time="0"/>
  <testcase classname="edu.stanford.nlp.util.ConvertByteArrayTest" name="testByteArrToLongArr3" time="0"/>
  <testcase classname="edu.stanford.nlp.util.ConvertByteArrayTest" name="testWriteShortToByteArr" time="0"/>
  <testcase classname="edu.stanford.nlp.util.ConvertByteArrayTest" name="testLongArrToByteArr1" time="0"/>
  <testcase classname="edu.stanford.nlp.util.ConvertByteArrayTest" name="testLongArrToByteArr2" time="0"/>
  <testcase classname="edu.stanford.nlp.util.ConvertByteArrayTest" name="testLongArrToByteArr3" time="0"/>
  <testcase classname="edu.stanford.nlp.util.ConvertByteArrayTest" name="testByteArrToDoubleArr1" time="0"/>
  <testcase classname="edu.stanford.nlp.util.ConvertByteArrayTest" name="testByteArrToDoubleArr2" time="0"/>
  <testcase classname="edu.stanford.nlp.util.ConvertByteArrayTest" name="testByteArrToDoubleArr3" time="0"/>
  <testcase classname="edu.stanford.nlp.util.ConvertByteArrayTest" name="testShortArrToByteArr1" time="0"/>
  <testcase classname="edu.stanford.nlp.util.ConvertByteArrayTest" name="testShortArrToByteArr2" time="0"/>
  <testcase classname="edu.stanford.nlp.util.ConvertByteArrayTest" name="testShortArrToByteArr3" time="0"/>
  <testcase classname="edu.stanford.nlp.util.ConvertByteArrayTest" name="testWriteCharToByteArr" time="0"/>
  <testcase classname="edu.stanford.nlp.util.ConvertByteArrayTest" name="testByteArrToBoolean" time="0"/>
  <testcase classname="edu.stanford.nlp.util.ConvertByteArrayTest" name="testBooleanArrToByteArr1" time="0"/>
  <testcase classname="edu.stanford.nlp.util.ConvertByteArrayTest" name="testBooleanArrToByteArr2" time="0"/>
  <testcase classname="edu.stanford.nlp.util.ConvertByteArrayTest" name="testBooleanArrToByteArr3" time="0"/>
  <testcase classname="edu.stanford.nlp.util.ConvertByteArrayTest" name="testWriteUStringToByteArr1" time="0"/>
  <testcase classname="edu.stanford.nlp.util.ConvertByteArrayTest" name="testWriteUStringToByteArr2" time="0"/>
  <testcase classname="edu.stanford.nlp.util.ConvertByteArrayTest" name="testWriteDoubleToByteArr" time="0"/>
  <testcase classname="edu.stanford.nlp.util.ConvertByteArrayTest" name="testCharArrToByteArr1" time="0"/>
  <testcase classname="edu.stanford.nlp.util.ConvertByteArrayTest" name="testCharArrToByteArr2" time="0"/>
  <testcase classname="edu.stanford.nlp.util.ConvertByteArrayTest" name="testCharArrToByteArr3" time="0"/>
  <testcase classname="edu.stanford.nlp.util.ConvertByteArrayTest" name="testByteArrToChar" time="0"/>
  <testcase classname="edu.stanford.nlp.util.ConvertByteArrayTest" name="testByteArrToLong" time="0"/>
  <testcase classname="edu.stanford.nlp.util.ConvertByteArrayTest" name="testByteArrToDouble" time="0"/>
  <testcase classname="edu.stanford.nlp.util.ConvertByteArrayTest" name="testByteArrToFloatArr1" time="0"/>
  <testcase classname="edu.stanford.nlp.util.ConvertByteArrayTest" name="testByteArrToFloatArr2" time="0"/>
  <testcase classname="edu.stanford.nlp.util.ConvertByteArrayTest" name="testByteArrToFloatArr3" time="0"/>
  <testcase classname="edu.stanford.nlp.util.ConvertByteArrayTest" name="testByteArrToShortArr1" time="0"/>
  <testcase classname="edu.stanford.nlp.util.ConvertByteArrayTest" name="testByteArrToShortArr2" time="0"/>
  <testcase classname="edu.stanford.nlp.util.ConvertByteArrayTest" name="testByteArrToShortArr3" time="0"/>
  <testcase classname="edu.stanford.nlp.util.ConvertByteArrayTest" name="testAStringArrToByteArr1" time="0"/>
  <testcase classname="edu.stanford.nlp.util.ConvertByteArrayTest" name="testAStringArrToByteArr2" time="0"/>
  <testcase classname="edu.stanford.nlp.util.ConvertByteArrayTest" name="testAStringArrToByteArr3" time="0"/>
  <testcase classname="edu.stanford.nlp.util.ConvertByteArrayTest" name="testAStringArrToByteArr4" time="0"/>
  <testcase classname="edu.stanford.nlp.util.ConvertByteArrayTest" name="testByteArrToUStringArr1" time="0"/>
  <testcase classname="edu.stanford.nlp.util.ConvertByteArrayTest" name="testByteArrToUStringArr2" time="0"/>
  <testcase classname="edu.stanford.nlp.util.ConvertByteArrayTest" name="testByteArrToUStringArr3" time="0"/>
  <testcase classname="edu.stanford.nlp.util.ConvertByteArrayTest" name="testByteArrToUStringArr4" time="0"/>
  <testcase classname="edu.stanford.nlp.util.ConvertByteArrayTest" name="testByteArrToInt" time="0"/>
  <testcase classname="edu.stanford.nlp.util.ConvertByteArrayTest" name="testFloatArrToByteArr1" time="0"/>
  <testcase classname="edu.stanford.nlp.util.ConvertByteArrayTest" name="testFloatArrToByteArr2" time="0.001"/>
  <testcase classname="edu.stanford.nlp.util.ConvertByteArrayTest" name="testFloatArrToByteArr3" time="0"/>
  <testcase classname="edu.stanford.nlp.util.ConvertByteArrayTest" name="testWriteFloatToByteArr" time="0"/>
</testsuite>